#
# A fatal error has been detected by the Java Runtime Environment:
#
#  EXCEPTION_ACCESS_VIOLATION (0xc0000005) at pc=0x00007fff9b033576, pid=22916, tid=6180
#
# JRE version: OpenJDK Runtime Environment OpenLogic-OpenJDK (17.0.5+8) (build 17.0.5+8-adhoc..jdk17u)
# Java VM: OpenJDK 64-Bit Server VM OpenLogic-OpenJDK (17.0.5+8-adhoc..jdk17u, mixed mode, sharing, tiered, compressed oops, compressed class ptrs, g1 gc, windows-amd64)
# Problematic frame:
# C  [ntdll.dll+0x63576]
#
# No core dump will be written. Minidumps are not enabled by default on client versions of Windows
#
# If you would like to submit a bug report, please visit:
#   https://techsupport.roguewave.com/
# The crash happened outside the Java Virtual Machine in native code.
# See problematic frame for where to report the bug.
#

---------------  S U M M A R Y ------------

Command Line: -Dfile.encoding=windows-1250 C:\Users\Ja\IdeaProjects\gamepadtester\target\gamepadtester-1.0-jar-with-dependencies.jar

Host: Intel(R) Core(TM) i3-2100 CPU @ 3.10GHz, 4 cores, 11G,  Windows 10 , 64 bit Build 19041 (10.0.19041.3031)
Time: Wed Jul  5 22:33:40 2023 Stredoeurópsky 4 bit Build 19041 (10.0.19041.3031) elapsed time: 2.876856 seconds (0d 0h 0m 2s)

---------------  T H R E A D  ---------------

Current thread (0x0000025d774ed020):  JavaThread "Thread-0" [_thread_in_native, id=6180, stack(0x000000bdd5200000,0x000000bdd5300000)]

Stack: [0x000000bdd5200000,0x000000bdd5300000],  sp=0x000000bdd52ff290,  free space=1020k
Native frames: (J=compiled Java code, j=interpreted, Vv=VM code, C=native code)
C  [ntdll.dll+0x63576]
C  [ntdll.dll+0x2fcb4]
C  [ntdll.dll+0x2fae2]
C  [sdl2gdx64.dll+0x858ef]

Java frames: (J=compiled Java code, j=interpreted, Vv=VM code)
J 488  org.libsdl.SDL.SDL_NumJoysticks()I (0 bytes) @ 0x0000025d64fc53e6 [0x0000025d64fc53a0+0x0000000000000046]
J 493 c2 com.studiohartman.jamepad.ControllerManager.nativeGetNumRollers()I (31 bytes) @ 0x0000025d64fc6654 [0x0000025d64fc6620+0x0000000000000034]
J 495% c1 xyz.rtsvk.gamepad.BindingManager.lambda$bindButtonToKey$2(Lcom/studiohartman/jamepad/ControllerIndex;Lcom/studiohartman/jamepad/ControllerButton;I)V (75 bytes) @ 0x0000025d5db2294c [0x0000025d5db22100+0x000000000000084c]
j  xyz.rtsvk.gamepad.BindingManager$$Lambda$20+0x0000000800c08878.run()V+16
j  java.lang.Thread.run()V+11 java.base@17.0.5
v  ~StubRoutines::call_stub

siginfo: EXCEPTION_ACCESS_VIOLATION (0xc0000005), writing address 0x0000000000000024


Register to memory mapping:

RIP=0x00007fff9b033576 ntdll.dll
RAX=0x0 is NULL
RBX=0x0000025d7b685260 points into unknown readable memory: 0x0000000000000000 | 00 00 00 00 00 00 00 00
RCX=0x0000025d7b685260 points into unknown readable memory: 0x0000000000000000 | 00 00 00 00 00 00 00 00
RDX=0x00000000fffffffe is an unknown value
RSP=0x000000bdd52ff290 is pointing into the stack for thread: 0x0000025d774ed020
RBP=0x000000bdd52ff400 is pointing into the stack for thread: 0x0000025d774ed020
RSI=0x0 is NULL
RDI=0x0 is NULL
R8 =0x0 is NULL
R9 =0x0 is NULL
R10=0x0 is NULL
R11=0x000000bdd52ff270 is pointing into the stack for thread: 0x0000025d774ed020
R12=0x0 is NULL
R13=0x000000bdd326e000 points into unknown readable memory: 0x0000000000000000 | 00 00 00 00 00 00 00 00
R14=0x0000000000000003 is an unknown value
R15=0x0 is NULL


Registers:
RAX=0x0000000000000000, RBX=0x0000025d7b685260, RCX=0x0000025d7b685260, RDX=0x00000000fffffffe
RSP=0x000000bdd52ff290, RBP=0x000000bdd52ff400, RSI=0x0000000000000000, RDI=0x0000000000000000
R8 =0x0000000000000000, R9 =0x0000000000000000, R10=0x0000000000000000, R11=0x000000bdd52ff270
R12=0x0000000000000000, R13=0x000000bdd326e000, R14=0x0000000000000003, R15=0x0000000000000000
RIP=0x00007fff9b033576, EFLAGS=0x0000000000010213

Top of Stack: (sp=0x000000bdd52ff290)
0x000000bdd52ff290:   ffffffffffffffff 0000025d7b685260
0x000000bdd52ff2a0:   0000000000000000 00007fff24194c2e
0x000000bdd52ff2b0:   00007fff00000000 00007fff9a47a523
0x000000bdd52ff2c0:   00000000643ec500 00007fff9a47a523
0x000000bdd52ff2d0:   0000000000000000 000000bdfffffffe
0x000000bdd52ff2e0:   000000bdd326e000 0000025d7b67c610
0x000000bdd52ff2f0:   0000025d774ed000 0000000000000001
0x000000bdd52ff300:   0000000000000001 0000000000000001
0x000000bdd52ff310:   00000000000007d0 0000025d7b685260
0x000000bdd52ff320:   000015e03691dc36 00007fff9afffcb4
0x000000bdd52ff330:   0000000000000001 0000000000000003
0x000000bdd52ff340:   0000000000000001 0000000000000001
0x000000bdd52ff350:   00000000000007d0 0000025d7b685260
0x000000bdd52ff360:   000000bdd52ff400 00007fff9afffcb4
0x000000bdd52ff370:   0000025d76024618 000000006434594f
0x000000bdd52ff380:   00000000fffffffe 00000000642e1f5b 

Instructions: (pc=0x00007fff9b033576)
0x00007fff9b033476:   20 e9 ed fe ff ff 48 89 41 18 e9 e4 fe ff ff cc
0x00007fff9b033486:   cc cc cc cc cc cc cc cc cc cc 80 3d 71 90 10 00
0x00007fff9b033496:   00 0f 95 c0 c3 cc cc cc cc cc cc cc cc cc cc cc
0x00007fff9b0334a6:   cc cc cc cc cc cc cc cc cc cc 48 83 ec 38 8b 05
0x00007fff9b0334b6:   72 76 10 00 89 44 24 20 e8 41 02 00 00 48 83 c4
0x00007fff9b0334c6:   38 c3 cc cc cc cc cc cc cc cc 48 89 5c 24 18 55
0x00007fff9b0334d6:   56 57 41 54 41 55 41 56 41 57 48 81 ec a0 00 00
0x00007fff9b0334e6:   00 48 8b 05 22 10 12 00 48 33 c4 48 89 84 24 90
0x00007fff9b0334f6:   00 00 00 65 4c 8b 2c 25 30 00 00 00 48 8d 05 bf
0x00007fff9b033506:   30 10 00 40 32 ed 89 54 24 48 33 f6 40 88 6c 24
0x00007fff9b033516:   40 4c 89 6c 24 50 48 8b d9 44 8b e6 48 3b c8 0f
0x00007fff9b033526:   84 39 01 00 00 40 38 35 d6 8f 10 00 0f 85 a8 01
0x00007fff9b033536:   00 00 39 35 ea 8f 10 00 0f 85 6a 01 00 00 40 38
0x00007fff9b033546:   35 ad 8a 10 00 48 8d 3d ae 8a 10 00 48 0f 45 fe
0x00007fff9b033556:   48 39 73 18 0f 84 d2 00 00 00 48 8b 03 48 83 f8
0x00007fff9b033566:   ff 0f 84 d2 00 00 00 44 8b fe 48 83 f8 ff 74 03
0x00007fff9b033576:   ff 40 24 4c 8b 73 18 4c 8d 2d 44 30 10 00 bd 22
0x00007fff9b033586:   17 00 00 e8 c2 12 fc ff 85 c0 0f 85 36 b4 05 00
0x00007fff9b033596:   b9 82 03 fe 7f 80 39 00 0f 85 44 b4 05 00 49 83
0x00007fff9b0335a6:   fe ff 0f 85 d2 b4 05 00 4c 8b cf c7 44 24 20 00
0x00007fff9b0335b6:   00 00 00 41 b8 04 00 00 00 48 8d 54 24 48 48 8d
0x00007fff9b0335c6:   4b 08 e8 37 01 00 00 3d 02 01 00 00 0f 84 bb b4
0x00007fff9b0335d6:   05 00 8b 4b 08 89 4c 24 48 f6 c1 02 75 ca 3d 02
0x00007fff9b0335e6:   01 00 00 0f 84 a4 b4 05 00 0f b6 6c 24 40 4c 8b
0x00007fff9b0335f6:   6c 24 50 85 c0 0f 88 f0 b5 05 00 40 84 ed 75 73
0x00007fff9b033606:   48 8b 8c 24 90 00 00 00 48 33 cc e8 7a 8d 02 00
0x00007fff9b033616:   48 8b 9c 24 f0 00 00 00 48 81 c4 a0 00 00 00 41
0x00007fff9b033626:   5f 41 5e 41 5d 41 5c 5f 5e 5d c3 cc 48 8b cb e8
0x00007fff9b033636:   56 05 00 00 e9 21 ff ff ff 8b 4b 20 48 c7 c0 ff
0x00007fff9b033646:   ff ff ff 48 0f ba e1 18 0f 82 19 ff ff ff 48 8b
0x00007fff9b033656:   cb e8 e4 e1 fa ff 48 8b 03 e9 09 ff ff ff c6 44
0x00007fff9b033666:   24 40 01 41 c7 85 60 17 00 00 01 00 00 00 e9 b2 


Stack slot to memory mapping:
stack at sp + 0 slots: 0xffffffffffffffff is an unknown value
stack at sp + 1 slots: 0x0000025d7b685260 points into unknown readable memory: 0x0000000000000000 | 00 00 00 00 00 00 00 00
stack at sp + 2 slots: 0x0 is NULL
stack at sp + 3 slots: 0x00007fff24194c2e jvm.dll
stack at sp + 4 slots: 0x00007fff00000000 is an unknown value
stack at sp + 5 slots: 0x00007fff9a47a523 USER32.dll
stack at sp + 6 slots: 0x00000000643ec500 sdl2gdx64.dll
stack at sp + 7 slots: 0x00007fff9a47a523 USER32.dll


---------------  P R O C E S S  ---------------

Threads class SMR info:
_java_thread_list=0x0000025d5465c740, length=16, elements={
0x0000025d75b5d6d0, 0x0000025d75b5e540, 0x0000025d75b75cf0, 0x0000025d75b767b0,
0x0000025d75b79270, 0x0000025d75b79c20, 0x0000025d75b7a9b0, 0x0000025d75b7b450,
0x0000025d75bdd450, 0x0000025d765ef500, 0x0000025d765f3c70, 0x0000025d7685dc60,
0x0000025d7666f840, 0x0000025d774ed020, 0x0000025d76603210, 0x0000025d77524ff0
}

Java Threads: ( => current thread )
  0x0000025d75b5d6d0 JavaThread "Reference Handler" daemon [_thread_blocked, id=16592, stack(0x000000bdd3e00000,0x000000bdd3f00000)]
  0x0000025d75b5e540 JavaThread "Finalizer" daemon [_thread_blocked, id=21604, stack(0x000000bdd3f00000,0x000000bdd4000000)]
  0x0000025d75b75cf0 JavaThread "Signal Dispatcher" daemon [_thread_blocked, id=12232, stack(0x000000bdd4000000,0x000000bdd4100000)]
  0x0000025d75b767b0 JavaThread "Attach Listener" daemon [_thread_blocked, id=8520, stack(0x000000bdd4100000,0x000000bdd4200000)]
  0x0000025d75b79270 JavaThread "Service Thread" daemon [_thread_blocked, id=12936, stack(0x000000bdd4200000,0x000000bdd4300000)]
  0x0000025d75b79c20 JavaThread "Monitor Deflation Thread" daemon [_thread_blocked, id=18852, stack(0x000000bdd4300000,0x000000bdd4400000)]
  0x0000025d75b7a9b0 JavaThread "C2 CompilerThread0" daemon [_thread_blocked, id=7960, stack(0x000000bdd4400000,0x000000bdd4500000)]
  0x0000025d75b7b450 JavaThread "C1 CompilerThread0" daemon [_thread_blocked, id=23288, stack(0x000000bdd4500000,0x000000bdd4600000)]
  0x0000025d75bdd450 JavaThread "Sweeper thread" daemon [_thread_blocked, id=21028, stack(0x000000bdd4600000,0x000000bdd4700000)]
  0x0000025d765ef500 JavaThread "Notification Thread" daemon [_thread_blocked, id=5212, stack(0x000000bdd4700000,0x000000bdd4800000)]
  0x0000025d765f3c70 JavaThread "Common-Cleaner" daemon [_thread_blocked, id=16252, stack(0x000000bdd4900000,0x000000bdd4a00000)]
  0x0000025d7685dc60 JavaThread "Java2D Disposer" daemon [_thread_blocked, id=17748, stack(0x000000bdd4a00000,0x000000bdd4b00000)]
  0x0000025d7666f840 JavaThread "AWT-Windows" daemon [_thread_in_native, id=21148, stack(0x000000bdd4c00000,0x000000bdd4d00000)]
=>0x0000025d774ed020 JavaThread "Thread-0" [_thread_in_native, id=6180, stack(0x000000bdd5200000,0x000000bdd5300000)]
  0x0000025d76603210 JavaThread "Thread-3" [_thread_in_native, id=21704, stack(0x000000bdd5500000,0x000000bdd5600000)]
  0x0000025d77524ff0 JavaThread "DestroyJavaVM" [_thread_blocked, id=15760, stack(0x000000bdd3700000,0x000000bdd3800000)]

Other Threads:
  0x0000025d75b59a80 VMThread "VM Thread" [stack: 0x000000bdd3d00000,0x000000bdd3e00000] [id=8600]
  0x0000025d765ef9d0 WatcherThread [stack: 0x000000bdd4800000,0x000000bdd4900000] [id=22116]
  0x0000025d546b5670 GCTaskThread "GC Thread#0" [stack: 0x000000bdd3800000,0x000000bdd3900000] [id=16872]
  0x0000025d546c2570 ConcurrentGCThread "G1 Main Marker" [stack: 0x000000bdd3900000,0x000000bdd3a00000] [id=12448]
  0x0000025d546c3050 ConcurrentGCThread "G1 Conc#0" [stack: 0x000000bdd3a00000,0x000000bdd3b00000] [id=10044]
  0x0000025d54722550 ConcurrentGCThread "G1 Refine#0" [stack: 0x000000bdd3b00000,0x000000bdd3c00000] [id=19156]
  0x0000025d54722f70 ConcurrentGCThread "G1 Service" [stack: 0x000000bdd3c00000,0x000000bdd3d00000] [id=19084]

Threads with active compile tasks:

VM state: not at safepoint (normal execution)

VM Mutex/Monitor currently owned by a thread: None

Heap address: 0x0000000740400000, size: 3068 MB, Compressed Oops mode: Zero based, Oop shift amount: 3

CDS archive(s) mapped at: [0x0000000800000000-0x0000000800bd0000-0x0000000800bd0000), size 12386304, SharedBaseAddress: 0x0000000800000000, ArchiveRelocationMode: 0.
Compressed class space mapped at: 0x0000000800c00000-0x0000000840c00000, reserved size: 1073741824
Narrow klass base: 0x0000000800000000, Narrow klass shift: 0, Narrow klass range: 0x100000000

GC Precious Log:
 CPUs: 4 total, 4 available
 Memory: 12271M
 Large Page Support: Disabled
 NUMA Support: Disabled
 Compressed Oops: Enabled (Zero based)
 Heap Region Size: 2M
 Heap Min Capacity: 8M
 Heap Initial Capacity: 192M
 Heap Max Capacity: 3068M
 Pre-touch: Disabled
 Parallel Workers: 4
 Concurrent Workers: 1
 Concurrent Refinement Workers: 4
 Periodic GC: Disabled

Heap:
 garbage-first heap   total 196608K, used 4096K [0x0000000740400000, 0x0000000800000000)
  region size 2048K, 3 young (6144K), 0 survivors (0K)
 Metaspace       used 3244K, committed 3392K, reserved 1056768K
  class space    used 307K, committed 384K, reserved 1048576K

Heap Regions: E=young(eden), S=young(survivor), O=old, HS=humongous(starts), HC=humongous(continues), CS=collection set, F=free, OA=open archive, CA=closed archive, TAMS=top-at-mark-start (previous, next)
|   0|0x0000000740400000, 0x0000000740400000, 0x0000000740600000|  0%| F|  |TAMS 0x0000000740400000, 0x0000000740400000| Untracked 
|   1|0x0000000740600000, 0x0000000740600000, 0x0000000740800000|  0%| F|  |TAMS 0x0000000740600000, 0x0000000740600000| Untracked 
|   2|0x0000000740800000, 0x0000000740800000, 0x0000000740a00000|  0%| F|  |TAMS 0x0000000740800000, 0x0000000740800000| Untracked 
|   3|0x0000000740a00000, 0x0000000740a00000, 0x0000000740c00000|  0%| F|  |TAMS 0x0000000740a00000, 0x0000000740a00000| Untracked 
|   4|0x0000000740c00000, 0x0000000740c00000, 0x0000000740e00000|  0%| F|  |TAMS 0x0000000740c00000, 0x0000000740c00000| Untracked 
|   5|0x0000000740e00000, 0x0000000740e00000, 0x0000000741000000|  0%| F|  |TAMS 0x0000000740e00000, 0x0000000740e00000| Untracked 
|   6|0x0000000741000000, 0x0000000741000000, 0x0000000741200000|  0%| F|  |TAMS 0x0000000741000000, 0x0000000741000000| Untracked 
|   7|0x0000000741200000, 0x0000000741200000, 0x0000000741400000|  0%| F|  |TAMS 0x0000000741200000, 0x0000000741200000| Untracked 
|   8|0x0000000741400000, 0x0000000741400000, 0x0000000741600000|  0%| F|  |TAMS 0x0000000741400000, 0x0000000741400000| Untracked 
|   9|0x0000000741600000, 0x0000000741600000, 0x0000000741800000|  0%| F|  |TAMS 0x0000000741600000, 0x0000000741600000| Untracked 
|  10|0x0000000741800000, 0x0000000741800000, 0x0000000741a00000|  0%| F|  |TAMS 0x0000000741800000, 0x0000000741800000| Untracked 
|  11|0x0000000741a00000, 0x0000000741a00000, 0x0000000741c00000|  0%| F|  |TAMS 0x0000000741a00000, 0x0000000741a00000| Untracked 
|  12|0x0000000741c00000, 0x0000000741c00000, 0x0000000741e00000|  0%| F|  |TAMS 0x0000000741c00000, 0x0000000741c00000| Untracked 
|  13|0x0000000741e00000, 0x0000000741e00000, 0x0000000742000000|  0%| F|  |TAMS 0x0000000741e00000, 0x0000000741e00000| Untracked 
|  14|0x0000000742000000, 0x0000000742000000, 0x0000000742200000|  0%| F|  |TAMS 0x0000000742000000, 0x0000000742000000| Untracked 
|  15|0x0000000742200000, 0x0000000742200000, 0x0000000742400000|  0%| F|  |TAMS 0x0000000742200000, 0x0000000742200000| Untracked 
|  16|0x0000000742400000, 0x0000000742400000, 0x0000000742600000|  0%| F|  |TAMS 0x0000000742400000, 0x0000000742400000| Untracked 
|  17|0x0000000742600000, 0x0000000742600000, 0x0000000742800000|  0%| F|  |TAMS 0x0000000742600000, 0x0000000742600000| Untracked 
|  18|0x0000000742800000, 0x0000000742800000, 0x0000000742a00000|  0%| F|  |TAMS 0x0000000742800000, 0x0000000742800000| Untracked 
|  19|0x0000000742a00000, 0x0000000742a00000, 0x0000000742c00000|  0%| F|  |TAMS 0x0000000742a00000, 0x0000000742a00000| Untracked 
|  20|0x0000000742c00000, 0x0000000742c00000, 0x0000000742e00000|  0%| F|  |TAMS 0x0000000742c00000, 0x0000000742c00000| Untracked 
|  21|0x0000000742e00000, 0x0000000742e00000, 0x0000000743000000|  0%| F|  |TAMS 0x0000000742e00000, 0x0000000742e00000| Untracked 
|  22|0x0000000743000000, 0x0000000743000000, 0x0000000743200000|  0%| F|  |TAMS 0x0000000743000000, 0x0000000743000000| Untracked 
|  23|0x0000000743200000, 0x0000000743200000, 0x0000000743400000|  0%| F|  |TAMS 0x0000000743200000, 0x0000000743200000| Untracked 
|  24|0x0000000743400000, 0x0000000743400000, 0x0000000743600000|  0%| F|  |TAMS 0x0000000743400000, 0x0000000743400000| Untracked 
|  25|0x0000000743600000, 0x0000000743600000, 0x0000000743800000|  0%| F|  |TAMS 0x0000000743600000, 0x0000000743600000| Untracked 
|  26|0x0000000743800000, 0x0000000743800000, 0x0000000743a00000|  0%| F|  |TAMS 0x0000000743800000, 0x0000000743800000| Untracked 
|  27|0x0000000743a00000, 0x0000000743a00000, 0x0000000743c00000|  0%| F|  |TAMS 0x0000000743a00000, 0x0000000743a00000| Untracked 
|  28|0x0000000743c00000, 0x0000000743c00000, 0x0000000743e00000|  0%| F|  |TAMS 0x0000000743c00000, 0x0000000743c00000| Untracked 
|  29|0x0000000743e00000, 0x0000000743e00000, 0x0000000744000000|  0%| F|  |TAMS 0x0000000743e00000, 0x0000000743e00000| Untracked 
|  30|0x0000000744000000, 0x0000000744000000, 0x0000000744200000|  0%| F|  |TAMS 0x0000000744000000, 0x0000000744000000| Untracked 
|  31|0x0000000744200000, 0x0000000744200000, 0x0000000744400000|  0%| F|  |TAMS 0x0000000744200000, 0x0000000744200000| Untracked 
|  32|0x0000000744400000, 0x0000000744400000, 0x0000000744600000|  0%| F|  |TAMS 0x0000000744400000, 0x0000000744400000| Untracked 
|  33|0x0000000744600000, 0x0000000744600000, 0x0000000744800000|  0%| F|  |TAMS 0x0000000744600000, 0x0000000744600000| Untracked 
|  34|0x0000000744800000, 0x0000000744800000, 0x0000000744a00000|  0%| F|  |TAMS 0x0000000744800000, 0x0000000744800000| Untracked 
|  35|0x0000000744a00000, 0x0000000744a00000, 0x0000000744c00000|  0%| F|  |TAMS 0x0000000744a00000, 0x0000000744a00000| Untracked 
|  36|0x0000000744c00000, 0x0000000744c00000, 0x0000000744e00000|  0%| F|  |TAMS 0x0000000744c00000, 0x0000000744c00000| Untracked 
|  37|0x0000000744e00000, 0x0000000744e00000, 0x0000000745000000|  0%| F|  |TAMS 0x0000000744e00000, 0x0000000744e00000| Untracked 
|  38|0x0000000745000000, 0x0000000745000000, 0x0000000745200000|  0%| F|  |TAMS 0x0000000745000000, 0x0000000745000000| Untracked 
|  39|0x0000000745200000, 0x0000000745200000, 0x0000000745400000|  0%| F|  |TAMS 0x0000000745200000, 0x0000000745200000| Untracked 
|  40|0x0000000745400000, 0x0000000745400000, 0x0000000745600000|  0%| F|  |TAMS 0x0000000745400000, 0x0000000745400000| Untracked 
|  41|0x0000000745600000, 0x0000000745600000, 0x0000000745800000|  0%| F|  |TAMS 0x0000000745600000, 0x0000000745600000| Untracked 
|  42|0x0000000745800000, 0x0000000745800000, 0x0000000745a00000|  0%| F|  |TAMS 0x0000000745800000, 0x0000000745800000| Untracked 
|  43|0x0000000745a00000, 0x0000000745a00000, 0x0000000745c00000|  0%| F|  |TAMS 0x0000000745a00000, 0x0000000745a00000| Untracked 
|  44|0x0000000745c00000, 0x0000000745c00000, 0x0000000745e00000|  0%| F|  |TAMS 0x0000000745c00000, 0x0000000745c00000| Untracked 
|  45|0x0000000745e00000, 0x0000000745e00000, 0x0000000746000000|  0%| F|  |TAMS 0x0000000745e00000, 0x0000000745e00000| Untracked 
|  46|0x0000000746000000, 0x0000000746000000, 0x0000000746200000|  0%| F|  |TAMS 0x0000000746000000, 0x0000000746000000| Untracked 
|  47|0x0000000746200000, 0x0000000746200000, 0x0000000746400000|  0%| F|  |TAMS 0x0000000746200000, 0x0000000746200000| Untracked 
|  48|0x0000000746400000, 0x0000000746400000, 0x0000000746600000|  0%| F|  |TAMS 0x0000000746400000, 0x0000000746400000| Untracked 
|  49|0x0000000746600000, 0x0000000746600000, 0x0000000746800000|  0%| F|  |TAMS 0x0000000746600000, 0x0000000746600000| Untracked 
|  50|0x0000000746800000, 0x0000000746800000, 0x0000000746a00000|  0%| F|  |TAMS 0x0000000746800000, 0x0000000746800000| Untracked 
|  51|0x0000000746a00000, 0x0000000746a00000, 0x0000000746c00000|  0%| F|  |TAMS 0x0000000746a00000, 0x0000000746a00000| Untracked 
|  52|0x0000000746c00000, 0x0000000746c00000, 0x0000000746e00000|  0%| F|  |TAMS 0x0000000746c00000, 0x0000000746c00000| Untracked 
|  53|0x0000000746e00000, 0x0000000746e00000, 0x0000000747000000|  0%| F|  |TAMS 0x0000000746e00000, 0x0000000746e00000| Untracked 
|  54|0x0000000747000000, 0x0000000747000000, 0x0000000747200000|  0%| F|  |TAMS 0x0000000747000000, 0x0000000747000000| Untracked 
|  55|0x0000000747200000, 0x0000000747200000, 0x0000000747400000|  0%| F|  |TAMS 0x0000000747200000, 0x0000000747200000| Untracked 
|  56|0x0000000747400000, 0x0000000747400000, 0x0000000747600000|  0%| F|  |TAMS 0x0000000747400000, 0x0000000747400000| Untracked 
|  57|0x0000000747600000, 0x0000000747600000, 0x0000000747800000|  0%| F|  |TAMS 0x0000000747600000, 0x0000000747600000| Untracked 
|  58|0x0000000747800000, 0x0000000747800000, 0x0000000747a00000|  0%| F|  |TAMS 0x0000000747800000, 0x0000000747800000| Untracked 
|  59|0x0000000747a00000, 0x0000000747a00000, 0x0000000747c00000|  0%| F|  |TAMS 0x0000000747a00000, 0x0000000747a00000| Untracked 
|  60|0x0000000747c00000, 0x0000000747c00000, 0x0000000747e00000|  0%| F|  |TAMS 0x0000000747c00000, 0x0000000747c00000| Untracked 
|  61|0x0000000747e00000, 0x0000000747e00000, 0x0000000748000000|  0%| F|  |TAMS 0x0000000747e00000, 0x0000000747e00000| Untracked 
|  62|0x0000000748000000, 0x0000000748000000, 0x0000000748200000|  0%| F|  |TAMS 0x0000000748000000, 0x0000000748000000| Untracked 
|  63|0x0000000748200000, 0x0000000748200000, 0x0000000748400000|  0%| F|  |TAMS 0x0000000748200000, 0x0000000748200000| Untracked 
|  64|0x0000000748400000, 0x0000000748400000, 0x0000000748600000|  0%| F|  |TAMS 0x0000000748400000, 0x0000000748400000| Untracked 
|  65|0x0000000748600000, 0x0000000748600000, 0x0000000748800000|  0%| F|  |TAMS 0x0000000748600000, 0x0000000748600000| Untracked 
|  66|0x0000000748800000, 0x0000000748800000, 0x0000000748a00000|  0%| F|  |TAMS 0x0000000748800000, 0x0000000748800000| Untracked 
|  67|0x0000000748a00000, 0x0000000748a00000, 0x0000000748c00000|  0%| F|  |TAMS 0x0000000748a00000, 0x0000000748a00000| Untracked 
|  68|0x0000000748c00000, 0x0000000748c00000, 0x0000000748e00000|  0%| F|  |TAMS 0x0000000748c00000, 0x0000000748c00000| Untracked 
|  69|0x0000000748e00000, 0x0000000748e00000, 0x0000000749000000|  0%| F|  |TAMS 0x0000000748e00000, 0x0000000748e00000| Untracked 
|  70|0x0000000749000000, 0x0000000749000000, 0x0000000749200000|  0%| F|  |TAMS 0x0000000749000000, 0x0000000749000000| Untracked 
|  71|0x0000000749200000, 0x0000000749200000, 0x0000000749400000|  0%| F|  |TAMS 0x0000000749200000, 0x0000000749200000| Untracked 
|  72|0x0000000749400000, 0x0000000749400000, 0x0000000749600000|  0%| F|  |TAMS 0x0000000749400000, 0x0000000749400000| Untracked 
|  73|0x0000000749600000, 0x0000000749600000, 0x0000000749800000|  0%| F|  |TAMS 0x0000000749600000, 0x0000000749600000| Untracked 
|  74|0x0000000749800000, 0x0000000749800000, 0x0000000749a00000|  0%| F|  |TAMS 0x0000000749800000, 0x0000000749800000| Untracked 
|  75|0x0000000749a00000, 0x0000000749a00000, 0x0000000749c00000|  0%| F|  |TAMS 0x0000000749a00000, 0x0000000749a00000| Untracked 
|  76|0x0000000749c00000, 0x0000000749c00000, 0x0000000749e00000|  0%| F|  |TAMS 0x0000000749c00000, 0x0000000749c00000| Untracked 
|  77|0x0000000749e00000, 0x0000000749e00000, 0x000000074a000000|  0%| F|  |TAMS 0x0000000749e00000, 0x0000000749e00000| Untracked 
|  78|0x000000074a000000, 0x000000074a000000, 0x000000074a200000|  0%| F|  |TAMS 0x000000074a000000, 0x000000074a000000| Untracked 
|  79|0x000000074a200000, 0x000000074a200000, 0x000000074a400000|  0%| F|  |TAMS 0x000000074a200000, 0x000000074a200000| Untracked 
|  80|0x000000074a400000, 0x000000074a400000, 0x000000074a600000|  0%| F|  |TAMS 0x000000074a400000, 0x000000074a400000| Untracked 
|  81|0x000000074a600000, 0x000000074a600000, 0x000000074a800000|  0%| F|  |TAMS 0x000000074a600000, 0x000000074a600000| Untracked 
|  82|0x000000074a800000, 0x000000074a800000, 0x000000074aa00000|  0%| F|  |TAMS 0x000000074a800000, 0x000000074a800000| Untracked 
|  83|0x000000074aa00000, 0x000000074aa00000, 0x000000074ac00000|  0%| F|  |TAMS 0x000000074aa00000, 0x000000074aa00000| Untracked 
|  84|0x000000074ac00000, 0x000000074ac00000, 0x000000074ae00000|  0%| F|  |TAMS 0x000000074ac00000, 0x000000074ac00000| Untracked 
|  85|0x000000074ae00000, 0x000000074ae00000, 0x000000074b000000|  0%| F|  |TAMS 0x000000074ae00000, 0x000000074ae00000| Untracked 
|  86|0x000000074b000000, 0x000000074b000000, 0x000000074b200000|  0%| F|  |TAMS 0x000000074b000000, 0x000000074b000000| Untracked 
|  87|0x000000074b200000, 0x000000074b200000, 0x000000074b400000|  0%| F|  |TAMS 0x000000074b200000, 0x000000074b200000| Untracked 
|  88|0x000000074b400000, 0x000000074b400000, 0x000000074b600000|  0%| F|  |TAMS 0x000000074b400000, 0x000000074b400000| Untracked 
|  89|0x000000074b600000, 0x000000074b600000, 0x000000074b800000|  0%| F|  |TAMS 0x000000074b600000, 0x000000074b600000| Untracked 
|  90|0x000000074b800000, 0x000000074b800000, 0x000000074ba00000|  0%| F|  |TAMS 0x000000074b800000, 0x000000074b800000| Untracked 
|  91|0x000000074ba00000, 0x000000074ba00000, 0x000000074bc00000|  0%| F|  |TAMS 0x000000074ba00000, 0x000000074ba00000| Untracked 
|  92|0x000000074bc00000, 0x000000074bc00000, 0x000000074be00000|  0%| F|  |TAMS 0x000000074bc00000, 0x000000074bc00000| Untracked 
|  93|0x000000074be00000, 0x000000074c000000, 0x000000074c000000|100%| E|  |TAMS 0x000000074be00000, 0x000000074be00000| Complete 
|  94|0x000000074c000000, 0x000000074c200000, 0x000000074c200000|100%| E|CS|TAMS 0x000000074c000000, 0x000000074c000000| Complete 
|  95|0x000000074c200000, 0x000000074c400000, 0x000000074c400000|100%| E|CS|TAMS 0x000000074c200000, 0x000000074c200000| Complete 

Card table byte_map: [0x0000025d6cad0000,0x0000025d6d0d0000] _byte_map_base: 0x0000025d690ce000

Marking Bits (Prev, Next): (CMBitMap*) 0x0000025d546b5c80, (CMBitMap*) 0x0000025d546b5cc0
 Prev Bits: [0x0000025d6d6d0000, 0x0000025d706c0000)
 Next Bits: [0x0000025d706c0000, 0x0000025d736b0000)

Polling page: 0x0000025d52450000

Metaspace:

Usage:
  Non-class:      2.87 MB used.
      Class:    307.36 KB used.
       Both:      3.17 MB used.

Virtual space:
  Non-class space:        8.00 MB reserved,       2.94 MB ( 37%) committed,  1 nodes.
      Class space:        1.00 GB reserved,     384.00 KB ( <1%) committed,  1 nodes.
             Both:        1.01 GB reserved,       3.31 MB ( <1%) committed. 

Chunk freelists:
   Non-Class:  3.85 MB
       Class:  3.56 MB
        Both:  7.41 MB

MaxMetaspaceSize: unlimited
CompressedClassSpaceSize: 1.00 GB
Initial GC threshold: 21.00 MB
Current GC threshold: 21.00 MB
CDS: on
MetaspaceReclaimPolicy: balanced
 - commit_granule_bytes: 65536.
 - commit_granule_words: 8192.
 - virtual_space_node_default_size: 1048576.
 - enlarge_chunks_in_place: 1.
 - new_chunks_are_fully_committed: 0.
 - uncommit_free_chunks: 1.
 - use_allocation_guard: 0.
 - handle_deallocations: 1.


Internal statistics:

num_allocs_failed_limit: 0.
num_arena_births: 78.
num_arena_deaths: 0.
num_vsnodes_births: 2.
num_vsnodes_deaths: 0.
num_space_committed: 53.
num_space_uncommitted: 0.
num_chunks_returned_to_freelist: 0.
num_chunks_taken_from_freelist: 99.
num_chunk_merges: 0.
num_chunk_splits: 63.
num_chunks_enlarged: 34.
num_purges: 0.
num_inconsistent_stats: 0.

CodeHeap 'non-profiled nmethods': size=120000Kb used=161Kb max_used=161Kb free=119839Kb
 bounds [0x0000025d64fa0000, 0x0000025d65210000, 0x0000025d6c4d0000]
CodeHeap 'profiled nmethods': size=120000Kb used=756Kb max_used=756Kb free=119243Kb
 bounds [0x0000025d5da70000, 0x0000025d5dce0000, 0x0000025d64fa0000]
CodeHeap 'non-nmethods': size=5760Kb used=1181Kb max_used=1196Kb free=4578Kb
 bounds [0x0000025d5d4d0000, 0x0000025d5d740000, 0x0000025d5da70000]
 total_blobs=985 nmethods=504 adapters=394
 compilation: enabled
              stopped_count=0, restarted_count=0
 full_count=0

Compilation events (20 events):
Event: 2.211 Thread 0x0000025d75b7a9b0  494       4       com.studiohartman.jamepad.ControllerManager::getNumControllers (10 bytes)
Event: 2.212 Thread 0x0000025d75b7a9b0 nmethod 494 0x0000025d64fc6890 code [0x0000025d64fc6a20, 0x0000025d64fc6b38]
Event: 2.542 Thread 0x0000025d75b7b450  495 % !   3       xyz.rtsvk.gamepad.BindingManager::lambda$bindButtonToKey$2 @ 12 (75 bytes)
Event: 2.545 Thread 0x0000025d75b7b450 nmethod 495% 0x0000025d5db21b90 code [0x0000025d5db22100, 0x0000025d5db24c28]
Event: 2.550 Thread 0x0000025d75b7b450  496   !   3       xyz.rtsvk.gamepad.BindingManager::lambda$bindButtonToKey$2 (75 bytes)
Event: 2.551 Thread 0x0000025d75b7a9b0  497       4       com.studiohartman.jamepad.ControllerIndex::updateButton (46 bytes)
Event: 2.553 Thread 0x0000025d75b7b450 nmethod 496 0x0000025d5db26290 code [0x0000025d5db26800, 0x0000025d5db28f88]
Event: 2.554 Thread 0x0000025d75b7a9b0 nmethod 497 0x0000025d64fc6c90 code [0x0000025d64fc6e40, 0x0000025d64fc7028]
Event: 2.803 Thread 0x0000025d75b7a9b0  498 % !   4       xyz.rtsvk.gamepad.BindingManager::lambda$bindButtonToKey$2 @ 12 (75 bytes)
Event: 2.814 Thread 0x0000025d75b7a9b0 nmethod 498% 0x0000025d64fc7290 code [0x0000025d64fc7480, 0x0000025d64fc7aa0]
Event: 2.845 Thread 0x0000025d75b7b450  499       3       java.util.HashMap$HashIterator::nextNode (100 bytes)
Event: 2.846 Thread 0x0000025d75b7b450 nmethod 499 0x0000025d5db2a510 code [0x0000025d5db2a700, 0x0000025d5db2ac58]
Event: 2.847 Thread 0x0000025d75b7b450  500       3       java.lang.String::checkBoundsOffCount (64 bytes)
Event: 2.848 Thread 0x0000025d75b7b450 nmethod 500 0x0000025d5db2ae10 code [0x0000025d5db2b0a0, 0x0000025d5db2b998]
Event: 2.848 Thread 0x0000025d75b7b450  501       3       java.nio.Buffer::position (52 bytes)
Event: 2.848 Thread 0x0000025d75b7b450 nmethod 501 0x0000025d5db2bd10 code [0x0000025d5db2bec0, 0x0000025d5db2c148]
Event: 2.851 Thread 0x0000025d75b7b450  503       3       jdk.internal.org.objectweb.asm.SymbolTable::addConstantNameAndType (137 bytes)
Event: 2.852 Thread 0x0000025d75b7b450 nmethod 503 0x0000025d5db2c210 code [0x0000025d5db2c460, 0x0000025d5db2cba8]
Event: 2.852 Thread 0x0000025d75b7b450  504       3       jdk.internal.org.objectweb.asm.SymbolTable$Entry::<init> (20 bytes)
Event: 2.852 Thread 0x0000025d75b7b450 nmethod 504 0x0000025d5db2d010 code [0x0000025d5db2d1a0, 0x0000025d5db2d2e8]

GC Heap History (0 events):
No events

Dll operation events (8 events):
Event: 0.031 Loaded shared library C:\Program Files\OpenLogic\jdk-17.0.5.8-hotspot\bin\java.dll
Event: 0.084 Loaded shared library C:\Program Files\OpenLogic\jdk-17.0.5.8-hotspot\bin\jsvml.dll
Event: 0.411 Loaded shared library C:\Program Files\OpenLogic\jdk-17.0.5.8-hotspot\bin\net.dll
Event: 0.415 Loaded shared library C:\Program Files\OpenLogic\jdk-17.0.5.8-hotspot\bin\nio.dll
Event: 0.467 Loaded shared library C:\Program Files\OpenLogic\jdk-17.0.5.8-hotspot\bin\zip.dll
Event: 0.549 Loaded shared library C:\Program Files\OpenLogic\jdk-17.0.5.8-hotspot\bin\jimage.dll
Event: 0.568 Loaded shared library C:\Program Files\OpenLogic\jdk-17.0.5.8-hotspot\bin\awt.dll
Event: 1.626 Loaded shared library C:\Users\Ja\AppData\Local\Temp\jnigen\1044091258\sdl2gdx64.dll

Deoptimization events (20 events):
Event: 0.459 Thread 0x0000025d5465c450 DEOPT PACKING pc=0x0000025d5da86f8c sp=0x000000bdd37fec50
Event: 0.459 Thread 0x0000025d5465c450 DEOPT UNPACKING pc=0x0000025d5d522b43 sp=0x000000bdd37fe0e0 mode 0
Event: 0.460 Thread 0x0000025d5465c450 Uncommon trap: trap_request=0xffffff45 fr.pc=0x0000025d64fa423c relative=0x000000000000019c
Event: 0.460 Thread 0x0000025d5465c450 Uncommon trap: reason=unstable_if action=reinterpret pc=0x0000025d64fa423c method=java.lang.String.hashCode()I @ 42 c2
Event: 0.460 Thread 0x0000025d5465c450 DEOPT PACKING pc=0x0000025d64fa423c sp=0x000000bdd37fdf90
Event: 0.460 Thread 0x0000025d5465c450 DEOPT UNPACKING pc=0x0000025d5d5223a3 sp=0x000000bdd37fdf28 mode 2
Event: 1.784 Thread 0x0000025d5465c450 DEOPT PACKING pc=0x0000025d5da70c02 sp=0x000000bdd37fc7c0
Event: 1.784 Thread 0x0000025d5465c450 DEOPT UNPACKING pc=0x0000025d5d522b43 sp=0x000000bdd37fbc38 mode 0
Event: 2.843 Thread 0x0000025d5465c450 Uncommon trap: trap_request=0xffffff45 fr.pc=0x0000025d64fc60f4 relative=0x00000000000001b4
Event: 2.843 Thread 0x0000025d5465c450 Uncommon trap: reason=unstable_if action=reinterpret pc=0x0000025d64fc60f4 method=com.studiohartman.jamepad.ControllerIndex.nativeCheckButton(JI)Z @ 9 c2
Event: 2.843 Thread 0x0000025d5465c450 DEOPT PACKING pc=0x0000025d64fc60f4 sp=0x000000bdd37ff380
Event: 2.843 Thread 0x0000025d5465c450 DEOPT UNPACKING pc=0x0000025d5d5223a3 sp=0x000000bdd37ff250 mode 2
Event: 2.843 Thread 0x0000025d774ed9c0 Uncommon trap: trap_request=0xffffff45 fr.pc=0x0000025d64fc6f5c relative=0x000000000000011c
Event: 2.843 Thread 0x0000025d774ed9c0 Uncommon trap: reason=unstable_if action=reinterpret pc=0x0000025d64fc6f5c method=com.studiohartman.jamepad.ControllerIndex.isConnected()Z @ 6 c2
Event: 2.843 Thread 0x0000025d774ed9c0 DEOPT PACKING pc=0x0000025d64fc6f5c sp=0x000000bdd54ff2d0
Event: 2.843 Thread 0x0000025d774ed9c0 DEOPT UNPACKING pc=0x0000025d5d5223a3 sp=0x000000bdd54ff1a8 mode 2
Event: 2.843 Thread 0x0000025d774ed4f0 Uncommon trap: trap_request=0xffffff45 fr.pc=0x0000025d64fc5c18 relative=0x0000000000000078
Event: 2.843 Thread 0x0000025d774ed4f0 Uncommon trap: reason=unstable_if action=reinterpret pc=0x0000025d64fc5c18 method=com.studiohartman.jamepad.ControllerIndex.isConnected()Z @ 6 c2
Event: 2.843 Thread 0x0000025d774ed4f0 DEOPT PACKING pc=0x0000025d64fc5c18 sp=0x000000bdd53fee60
Event: 2.843 Thread 0x0000025d774ed4f0 DEOPT UNPACKING pc=0x0000025d5d5223a3 sp=0x000000bdd53feda0 mode 2

Classes unloaded (0 events):
No events

Classes redefined (0 events):
No events

Internal exceptions (11 events):
Event: 0.529 Thread 0x0000025d5465c450 Exception <a 'java/lang/ClassNotFoundException'{0x000000074c018c78}: sun/awt/resources/spi/awtProvider> (0x000000074c018c78) 
thrown [s\src\hotspot\share\classfile\systemDictionary.cpp, line 256]
Event: 0.612 Thread 0x0000025d5465c450 Exception <a 'java/io/FileNotFoundException'{0x000000074c06ee88}> (0x000000074c06ee88) 
thrown [s\src\hotspot\share\prims\jni.cpp, line 516]
Event: 0.627 Thread 0x0000025d5465c450 Exception <a 'java/io/FileNotFoundException'{0x000000074c09c0c0}> (0x000000074c09c0c0) 
thrown [s\src\hotspot\share\prims\jni.cpp, line 516]
Event: 0.759 Thread 0x0000025d5465c450 Exception <a 'java/lang/NoSuchMethodError'{0x000000074c0d39d8}: 'java.lang.Object java.lang.invoke.DirectMethodHandle$Holder.invokeStaticInit(java.lang.Object)'> (0x000000074c0d39d8) 
thrown [s\src\hotspot\share\interpreter\linkResolver.cpp, line 759]
Event: 1.802 Thread 0x0000025d5465c450 Exception <a 'java/lang/NoSuchMethodError'{0x000000074c186c18}: 'java.lang.Object java.lang.invoke.DirectMethodHandle$Holder.invokeStaticInit(java.lang.Object, int, int, int, int)'> (0x000000074c186c18) 
thrown [s\src\hotspot\share\interpreter\linkResolver.cpp, line 759]
Event: 2.104 Thread 0x0000025d5465c450 Exception <a 'java/lang/NoSuchMethodError'{0x000000074be01608}: 'java.lang.Object java.lang.invoke.DirectMethodHandle$Holder.invokeStaticInit(java.lang.Object, java.lang.Object, int, int, int, int)'> (0x000000074be01608) 
thrown [s\src\hotspot\share\interpreter\linkResolver.cpp, line 759]
Event: 2.141 Thread 0x0000025d5465c450 Exception <a 'java/lang/NoSuchMethodError'{0x000000074be20340}: 'java.lang.Object java.lang.invoke.DirectMethodHandle$Holder.newInvokeSpecial(java.lang.Object, java.lang.Object, java.lang.Object, java.lang.Object, int)'> (0x000000074be20340) 
thrown [s\src\hotspot\share\interpreter\linkResolver.cpp, line 759]
Event: 2.142 Thread 0x0000025d5465c450 Exception <a 'java/lang/NoSuchMethodError'{0x000000074be245c0}: 'java.lang.Object java.lang.invoke.DirectMethodHandle$Holder.invokeSpecial(java.lang.Object, java.lang.Object, java.lang.Object, java.lang.Object, java.lang.Object, int)'> (0x000000074be245c0) 
thrown [s\src\hotspot\share\interpreter\linkResolver.cpp, line 759]
Event: 2.143 Thread 0x0000025d5465c450 Exception <a 'java/lang/NoSuchMethodError'{0x000000074be28000}: 'java.lang.Object java.lang.invoke.Invokers$Holder.linkToTargetMethod(java.lang.Object, java.lang.Object, java.lang.Object, int, java.lang.Object)'> (0x000000074be28000) 
thrown [s\src\hotspot\share\interpreter\linkResolver.cpp, line 759]
Event: 2.145 Thread 0x0000025d5465c450 Exception <a 'java/lang/NoSuchMethodError'{0x000000074be2d440}: 'void java.lang.invoke.DirectMethodHandle$Holder.invokeStatic(java.lang.Object, java.lang.Object, java.lang.Object)'> (0x000000074be2d440) 
thrown [s\src\hotspot\share\interpreter\linkResolver.cpp, line 759]
Event: 2.850 Thread 0x0000025d5465c450 Exception <a 'java/lang/NoSuchMethodError'{0x000000074be3d2b8}: 'void java.lang.invoke.DirectMethodHandle$Holder.invokeStatic(java.lang.Object, java.lang.Object)'> (0x000000074be3d2b8) 
thrown [s\src\hotspot\share\interpreter\linkResolver.cpp, line 759]

VM Operations (8 events):
Event: 0.468 Executing VM operation: HandshakeAllThreads
Event: 0.468 Executing VM operation: HandshakeAllThreads done
Event: 1.480 Executing VM operation: Cleanup
Event: 1.480 Executing VM operation: Cleanup done
Event: 1.828 Executing VM operation: HandshakeAllThreads
Event: 1.828 Executing VM operation: HandshakeAllThreads done
Event: 2.828 Executing VM operation: Cleanup
Event: 2.836 Executing VM operation: Cleanup done

Events (20 events):
Event: 2.706 loading class sun/awt/AppContext$GetAppContextLock
Event: 2.706 loading class sun/awt/AppContext$GetAppContextLock done
Event: 2.706 loading class sun/awt/AppContext$6
Event: 2.706 loading class jdk/internal/access/JavaAWTAccess
Event: 2.706 loading class jdk/internal/access/JavaAWTAccess done
Event: 2.706 loading class sun/awt/AppContext$6 done
Event: 2.706 loading class java/util/IdentityHashMap$ValueIterator
Event: 2.706 loading class java/util/IdentityHashMap$ValueIterator done
Event: 2.706 Thread 0x0000025d7666f1a0 Thread exited: 0x0000025d7666f1a0
Event: 2.844 loading class java/lang/Throwable$WrappedPrintStream
Event: 2.844 loading class java/lang/Throwable$PrintStreamOrWriter
Event: 2.845 loading class java/lang/Throwable$PrintStreamOrWriter done
Event: 2.845 loading class java/lang/Throwable$WrappedPrintStream done
Event: 2.845 loading class java/lang/StackTraceElement$HashedModules
Event: 2.845 loading class java/lang/StackTraceElement$HashedModules done
Event: 2.846 Thread 0x0000025d774ed9c0 Thread exited: 0x0000025d774ed9c0
Event: 2.849 Thread 0x0000025d774ed4f0 Thread exited: 0x0000025d774ed4f0
Event: 2.850 Thread 0x0000025d76603af0 Thread exited: 0x0000025d76603af0
Event: 2.852 Thread 0x0000025d5465c450 Thread exited: 0x0000025d5465c450
Event: 2.853 Thread 0x0000025d77524ff0 Thread added: 0x0000025d77524ff0


Dynamic libraries:
0x00007ff7aad50000 - 0x00007ff7aad5e000 	C:\Program Files\OpenLogic\jdk-17.0.5.8-hotspot\bin\java.exe
0x00007fff9afd0000 - 0x00007fff9b1c8000 	C:\WINDOWS\SYSTEM32\ntdll.dll
0x00007fff5dac0000 - 0x00007fff5dad9000 	C:\Program Files\AVAST Software\Avast\aswhook.dll
0x00007fff99040000 - 0x00007fff990ff000 	C:\WINDOWS\System32\KERNEL32.DLL
0x00007fff98d30000 - 0x00007fff99026000 	C:\WINDOWS\System32\KERNELBASE.dll
0x00007fff98b00000 - 0x00007fff98c00000 	C:\WINDOWS\System32\ucrtbase.dll
0x00007fff82780000 - 0x00007fff82797000 	C:\Program Files\OpenLogic\jdk-17.0.5.8-hotspot\bin\jli.dll
0x00007fff9a470000 - 0x00007fff9a60d000 	C:\WINDOWS\System32\USER32.dll
0x00007fff98d00000 - 0x00007fff98d22000 	C:\WINDOWS\System32\win32u.dll
0x00007fff99870000 - 0x00007fff9989c000 	C:\WINDOWS\System32\GDI32.dll
0x00007fff98740000 - 0x00007fff98855000 	C:\WINDOWS\System32\gdi32full.dll
0x00007fff98860000 - 0x00007fff988fd000 	C:\WINDOWS\System32\msvcp_win.dll
0x00007fff826d0000 - 0x00007fff826eb000 	C:\Program Files\OpenLogic\jdk-17.0.5.8-hotspot\bin\VCRUNTIME140.dll
0x00007fff81b90000 - 0x00007fff81e2a000 	C:\WINDOWS\WinSxS\amd64_microsoft.windows.common-controls_6595b64144ccf1df_6.0.19041.1110_none_60b5254171f9507e\COMCTL32.dll
0x00007fff99a50000 - 0x00007fff99aee000 	C:\WINDOWS\System32\msvcrt.dll
0x00007fff99480000 - 0x00007fff994b0000 	C:\WINDOWS\System32\IMM32.DLL
0x00007fff8b450000 - 0x00007fff8b45c000 	C:\Program Files\OpenLogic\jdk-17.0.5.8-hotspot\bin\vcruntime140_1.dll
0x00007fff79010000 - 0x00007fff7909d000 	C:\Program Files\OpenLogic\jdk-17.0.5.8-hotspot\bin\msvcp140.dll
0x00007fff23f90000 - 0x00007fff24beb000 	C:\Program Files\OpenLogic\jdk-17.0.5.8-hotspot\bin\server\jvm.dll
0x00007fff9a0c0000 - 0x00007fff9a16f000 	C:\WINDOWS\System32\ADVAPI32.dll
0x00007fff9a3d0000 - 0x00007fff9a46c000 	C:\WINDOWS\System32\sechost.dll
0x00007fff9a2a0000 - 0x00007fff9a3c6000 	C:\WINDOWS\System32\RPCRT4.dll
0x00007fff81b80000 - 0x00007fff81b89000 	C:\WINDOWS\SYSTEM32\WSOCK32.dll
0x00007fff99410000 - 0x00007fff9947b000 	C:\WINDOWS\System32\WS2_32.dll
0x00007fff8f400000 - 0x00007fff8f427000 	C:\WINDOWS\SYSTEM32\WINMM.dll
0x00007fff93660000 - 0x00007fff9366a000 	C:\WINDOWS\SYSTEM32\VERSION.dll
0x00007fff96580000 - 0x00007fff96592000 	C:\WINDOWS\SYSTEM32\kernel.appcore.dll
0x00007fff8ae20000 - 0x00007fff8ae2a000 	C:\Program Files\OpenLogic\jdk-17.0.5.8-hotspot\bin\jimage.dll
0x00007fff8a120000 - 0x00007fff8a304000 	C:\WINDOWS\SYSTEM32\DBGHELP.DLL
0x00007fff8a0e0000 - 0x00007fff8a114000 	C:\WINDOWS\SYSTEM32\dbgcore.DLL
0x00007fff986b0000 - 0x00007fff98732000 	C:\WINDOWS\System32\bcryptPrimitives.dll
0x00007fff7d620000 - 0x00007fff7d645000 	C:\Program Files\OpenLogic\jdk-17.0.5.8-hotspot\bin\java.dll
0x00007fff68a30000 - 0x00007fff68b06000 	C:\Program Files\OpenLogic\jdk-17.0.5.8-hotspot\bin\jsvml.dll
0x00007fff9a840000 - 0x00007fff9af84000 	C:\WINDOWS\System32\SHELL32.dll
0x00007fff96780000 - 0x00007fff96f13000 	C:\WINDOWS\SYSTEM32\windows.storage.dll
0x00007fff994b0000 - 0x00007fff99804000 	C:\WINDOWS\System32\combase.dll
0x00007fff98100000 - 0x00007fff9812e000 	C:\WINDOWS\SYSTEM32\Wldp.dll
0x00007fff9a1e0000 - 0x00007fff9a28d000 	C:\WINDOWS\System32\SHCORE.dll
0x00007fff99290000 - 0x00007fff992e5000 	C:\WINDOWS\System32\shlwapi.dll
0x00007fff985f0000 - 0x00007fff9860f000 	C:\WINDOWS\SYSTEM32\profapi.dll
0x00007fff82520000 - 0x00007fff82539000 	C:\Program Files\OpenLogic\jdk-17.0.5.8-hotspot\bin\net.dll
0x00007fff900b0000 - 0x00007fff901ba000 	C:\WINDOWS\SYSTEM32\WINHTTP.dll
0x00007fff97e60000 - 0x00007fff97eca000 	C:\WINDOWS\system32\mswsock.dll
0x00007fff823e0000 - 0x00007fff823f6000 	C:\Program Files\OpenLogic\jdk-17.0.5.8-hotspot\bin\nio.dll
0x00007fff7d570000 - 0x00007fff7d588000 	C:\Program Files\OpenLogic\jdk-17.0.5.8-hotspot\bin\zip.dll
0x00007fff61290000 - 0x00007fff6141e000 	C:\Program Files\OpenLogic\jdk-17.0.5.8-hotspot\bin\awt.dll
0x00007fff99b80000 - 0x00007fff99c4d000 	C:\WINDOWS\System32\OLEAUT32.dll
0x00007fff95ec0000 - 0x00007fff95f51000 	C:\WINDOWS\SYSTEM32\apphelp.dll
0x00007fff96290000 - 0x00007fff962bf000 	C:\WINDOWS\system32\DWMAPI.DLL
0x00007fff96070000 - 0x00007fff9610e000 	C:\WINDOWS\system32\uxtheme.dll
0x00007fff52cf0000 - 0x00007fff52e15000 	C:\WINDOWS\system32\opengl32.dll
0x00007fff7e650000 - 0x00007fff7e67c000 	C:\WINDOWS\SYSTEM32\GLU32.dll
0x00007fff992f0000 - 0x00007fff99404000 	C:\WINDOWS\System32\MSCTF.dll
0x00007fff99900000 - 0x00007fff99a2a000 	C:\WINDOWS\System32\ole32.dll
0x00007fff8e3f0000 - 0x00007fff8e5bd000 	C:\WINDOWS\system32\d3d9.dll
0x00007fff90c30000 - 0x00007fff90d35000 	C:\WINDOWS\System32\DriverStore\FileRepository\nv_dispi.inf_amd64_628fd811d3528c5d\nvldumdx.dll
0x00007fff98290000 - 0x00007fff982a2000 	C:\WINDOWS\SYSTEM32\msasn1.dll
0x00007fff927d0000 - 0x00007fff92801000 	C:\WINDOWS\SYSTEM32\cryptnet.dll
0x00007fff98900000 - 0x00007fff98a5e000 	C:\WINDOWS\System32\CRYPT32.dll
0x00007fff98050000 - 0x00007fff9805c000 	C:\WINDOWS\SYSTEM32\cryptbase.dll
0x00007fff98a90000 - 0x00007fff98af7000 	C:\WINDOWS\System32\WINTRUST.DLL
0x00007fff99a30000 - 0x00007fff99a4d000 	C:\WINDOWS\System32\imagehlp.dll
0x00007fff98060000 - 0x00007fff98078000 	C:\WINDOWS\SYSTEM32\CRYPTSP.dll
0x00007fff976a0000 - 0x00007fff976d4000 	C:\WINDOWS\system32\rsaenh.dll
0x00007fff98a60000 - 0x00007fff98a87000 	C:\WINDOWS\System32\bcrypt.dll
0x00007fff48470000 - 0x00007fff4a0ba000 	C:\WINDOWS\System32\DriverStore\FileRepository\nv_dispi.inf_amd64_628fd811d3528c5d\nvd3dumx.dll
0x00007fff55ce0000 - 0x00007fff55f99000 	C:\WINDOWS\system32\nvspcap64.dll
0x00007fff977c0000 - 0x00007fff977f3000 	C:\WINDOWS\SYSTEM32\ntmarta.dll
0x00007fff96f30000 - 0x00007fff96f53000 	C:\WINDOWS\SYSTEM32\gpapi.dll
0x00007fff90dd0000 - 0x00007fff90e0b000 	C:\WINDOWS\SYSTEM32\dxcore.dll
0x00007fff98cb0000 - 0x00007fff98cfe000 	C:\WINDOWS\System32\cfgmgr32.dll
0x00000000642c0000 - 0x00000000643fa000 	C:\Users\Ja\AppData\Local\Temp\jnigen\1044091258\sdl2gdx64.dll
0x00007fff99c50000 - 0x00007fff9a0b8000 	C:\WINDOWS\System32\SETUPAPI.dll
0x00007fff96f20000 - 0x00007fff96f2d000 	C:\WINDOWS\SYSTEM32\hid.dll
0x00007fff98460000 - 0x00007fff9848c000 	C:\WINDOWS\SYSTEM32\DEVOBJ.dll
0x00007fff99100000 - 0x00007fff991a9000 	C:\WINDOWS\System32\clbcatq.dll
0x00007fff7d270000 - 0x00007fff7d2b5000 	C:\Windows\System32\dinput8.dll
0x00007fff8b9b0000 - 0x00007fff8b9c1000 	C:\WINDOWS\SYSTEM32\XInput1_4.dll
0x00007fff8a7b0000 - 0x00007fff8a902000 	C:\WINDOWS\SYSTEM32\inputhost.dll
0x00007fff94220000 - 0x00007fff94316000 	C:\WINDOWS\SYSTEM32\PROPSYS.dll
0x00007fff95bb0000 - 0x00007fff95ca2000 	C:\WINDOWS\SYSTEM32\CoreMessaging.dll
0x00007fff954d0000 - 0x00007fff9582e000 	C:\WINDOWS\SYSTEM32\CoreUIComponents.dll
0x00007fff944f0000 - 0x00007fff94644000 	C:\WINDOWS\SYSTEM32\wintypes.dll
0x00007fff7a660000 - 0x00007fff7a69f000 	C:\Windows\System32\deviceaccess.dll
0x00007fff985b0000 - 0x00007fff985de000 	C:\WINDOWS\SYSTEM32\USERENV.dll
0x00007fff97ae0000 - 0x00007fff97b1c000 	C:\WINDOWS\SYSTEM32\IPHLPAPI.DLL
0x00007fff99030000 - 0x00007fff99038000 	C:\WINDOWS\System32\NSI.dll
0x00007fff92790000 - 0x00007fff927a7000 	C:\WINDOWS\SYSTEM32\dhcpcsvc6.DLL
0x00007fff92770000 - 0x00007fff9278d000 	C:\WINDOWS\SYSTEM32\dhcpcsvc.DLL
0x00007fff97b20000 - 0x00007fff97bea000 	C:\WINDOWS\SYSTEM32\DNSAPI.dll

dbghelp: loaded successfully - version: 4.0.5 - missing functions: none
symbol engine: initialized successfully - sym options: 0x614 - pdb path: .;C:\Program Files\OpenLogic\jdk-17.0.5.8-hotspot\bin;C:\WINDOWS\SYSTEM32;C:\Program Files\AVAST Software\Avast;C:\WINDOWS\WinSxS\amd64_microsoft.windows.common-controls_6595b64144ccf1df_6.0.19041.1110_none_60b5254171f9507e;C:\Program Files\OpenLogic\jdk-17.0.5.8-hotspot\bin\server;C:\WINDOWS\System32\DriverStore\FileRepository\nv_dispi.inf_amd64_628fd811d3528c5d;C:\Users\Ja\AppData\Local\Temp\jnigen\1044091258

VM Arguments:
jvm_args: -Dfile.encoding=windows-1250 
java_command: C:\Users\Ja\IdeaProjects\gamepadtester\target\gamepadtester-1.0-jar-with-dependencies.jar
java_class_path (initial): C:\Users\Ja\IdeaProjects\gamepadtester\target\gamepadtester-1.0-jar-with-dependencies.jar
Launcher Type: SUN_STANDARD

[Global flags]
     intx CICompilerCount                          = 3                                         {product} {ergonomic}
     uint ConcGCThreads                            = 1                                         {product} {ergonomic}
     uint G1ConcRefinementThreads                  = 4                                         {product} {ergonomic}
   size_t G1HeapRegionSize                         = 2097152                                   {product} {ergonomic}
    uintx GCDrainStackTargetSize                   = 64                                        {product} {ergonomic}
   size_t InitialHeapSize                          = 201326592                                 {product} {ergonomic}
   size_t MarkStackSize                            = 4194304                                   {product} {ergonomic}
   size_t MaxHeapSize                              = 3217031168                                {product} {ergonomic}
   size_t MaxNewSize                               = 1929379840                                {product} {ergonomic}
   size_t MinHeapDeltaBytes                        = 2097152                                   {product} {ergonomic}
   size_t MinHeapSize                              = 8388608                                   {product} {ergonomic}
    uintx NonNMethodCodeHeapSize                   = 5832780                                {pd product} {ergonomic}
    uintx NonProfiledCodeHeapSize                  = 122912730                              {pd product} {ergonomic}
    uintx ProfiledCodeHeapSize                     = 122912730                              {pd product} {ergonomic}
    uintx ReservedCodeCacheSize                    = 251658240                              {pd product} {ergonomic}
     bool SegmentedCodeCache                       = true                                      {product} {ergonomic}
   size_t SoftMaxHeapSize                          = 3217031168                             {manageable} {ergonomic}
     bool UseCompressedClassPointers               = true                           {product lp64_product} {ergonomic}
     bool UseCompressedOops                        = true                           {product lp64_product} {ergonomic}
     bool UseG1GC                                  = true                                      {product} {ergonomic}
     bool UseLargePagesIndividualAllocation        = false                                  {pd product} {ergonomic}

Logging:
Log output configuration:
 #0: stdout all=warning uptime,level,tags
 #1: stderr all=off uptime,level,tags

Environment Variables:
PATH=C:\Program Files\OpenLogic\jdk-17.0.5.8-hotspot\bin;C:\Program Files (x86)\Common Files\Oracle\Java\javapath;C:\WINDOWS\system32;C:\WINDOWS;C:\WINDOWS\System32\Wbem;C:\WINDOWS\System32\WindowsPowerShell\v1.0\;C:\WINDOWS\System32\OpenSSH\;C:\Program Files (x86)\NVIDIA Corporation\PhysX\Common;C:\Program Files\NVIDIA Corporation\NVIDIA NvDLISR;C:\WINDOWS\system32;C:\WINDOWS;C:\WINDOWS\System32\Wbem;C:\WINDOWS\System32\WindowsPowerShell\v1.0\;C:\WINDOWS\System32\OpenSSH\;C:\Program Files\PuTTY\;C:\Program Files\dotnet\;C:\Program Files (x86)\eID_klient\;C:\Program Files\Git\cmd;C:\Users\Ja\AppData\Local\Microsoft\WindowsApps;;C:\Program Files\JetBrains\IntelliJ IDEA Community Edition 2023.1.3\bin;
USERNAME=Ja
OS=Windows_NT
PROCESSOR_IDENTIFIER=Intel64 Family 6 Model 42 Stepping 7, GenuineIntel
TMP=C:\Users\Ja\AppData\Local\Temp
TEMP=C:\Users\Ja\AppData\Local\Temp



---------------  S Y S T E M  ---------------

OS:
 Windows 10 , 64 bit Build 19041 (10.0.19041.3031)
OS uptime: 3 days 11:35 hours

CPU: total 4 (initial active 4) (2 cores per cpu, 2 threads per core) family 6 model 42 stepping 7 microcode 0x2f, cx8, cmov, fxsr, ht, mmx, sse, sse2, sse3, ssse3, sse4.1, sse4.2, popcnt, tsc, tscinvbit, avx, clmul, vzeroupper, clflush

Memory: 4k page, system-wide physical 12271M (1463M free)
TotalPageFile size 24559M (AvailPageFile size 3994M)
current process WorkingSet (physical memory assigned to process): 64M, peak: 64M
current process commit charge ("private bytes"): 292M, peak: 293M

vm_info: OpenJDK 64-Bit Server VM (17.0.5+8-adhoc..jdk17u) for windows-amd64 JRE (17.0.5+8-adhoc..jdk17u), built on Jun  8 2023 10:23:55 by "" with MS VC++ 16.10 / 16.11 (VS2019)

END.
